
> my-v0-project@0.1.0 build C:\workspace\antigravity\worklog-mcr
> next build

   ??Next.js 15.5.6
   - Environments: .env.local

   Creating an optimized production build ...
 ??Compiled successfully in 9.0s
   Skipping validation of types
   Linting ...
   Collecting page data ...
   Generating static pages (0/22) ...
 殊?useSearchParams() should be wrapped in a suspense boundary at page "/settings". Read more: https://nextjs.org/docs/messages/missing-suspense-with-csr-bailout
    at g (C:\workspace\antigravity\worklog-mcr\.next\server\chunks\491.js:1:17782)
    at m (C:\workspace\antigravity\worklog-mcr\.next\server\chunks\491.js:1:8055)
    at S (C:\workspace\antigravity\worklog-mcr\.next\server\chunks\914.js:4:13870)
    at n3 (C:\workspace\antigravity\worklog-mcr\node_modules\.pnpm\next@15.5.6_react-dom@19.2.0_react@19.2.0__react@19.2.0\node_modules\next\dist\compiled\next-server\app-page.runtime.prod.js:2:82831)
    at n6 (C:\workspace\antigravity\worklog-mcr\node_modules\.pnpm\next@15.5.6_react-dom@19.2.0_react@19.2.0__react@19.2.0\node_modules\next\dist\compiled\next-server\app-page.runtime.prod.js:2:84601)
    at n5 (C:\workspace\antigravity\worklog-mcr\node_modules\.pnpm\next@15.5.6_react-dom@19.2.0_react@19.2.0__react@19.2.0\node_modules\next\dist\compiled\next-server\app-page.runtime.prod.js:2:104801)
    at n7 (C:\workspace\antigravity\worklog-mcr\node_modules\.pnpm\next@15.5.6_react-dom@19.2.0_react@19.2.0__react@19.2.0\node_modules\next\dist\compiled\next-server\app-page.runtime.prod.js:2:102219)
    at ia (C:\workspace\antigravity\worklog-mcr\node_modules\.pnpm\next@15.5.6_react-dom@19.2.0_react@19.2.0__react@19.2.0\node_modules\next\dist\compiled\next-server\app-page.runtime.prod.js:2:108211)
    at ie (C:\workspace\antigravity\worklog-mcr\node_modules\.pnpm\next@15.5.6_react-dom@19.2.0_react@19.2.0__react@19.2.0\node_modules\next\dist\compiled\next-server\app-page.runtime.prod.js:2:106833)
    at n5 (C:\workspace\antigravity\worklog-mcr\node_modules\.pnpm\next@15.5.6_react-dom@19.2.0_react@19.2.0__react@19.2.0\node_modules\next\dist\compiled\next-server\app-page.runtime.prod.js:2:105079)
Error occurred prerendering page "/settings". Read more: https://nextjs.org/docs/messages/prerender-error
Export encountered an error on /settings/page: /settings, exiting the build.
 殊?Next.js build worker exited with code: 1 and signal: null
?덭LIFECYCLE??Command failed with exit code 1.
