Using Supabase URL: https://dntgpiqkmvoqbdrzkzmb.supabase.co
Using Anon Key (starts with): eyJhbGciOi
Verifying posts query with Anon Key...
Query succeeded. Fetched 5 posts.
First post: {
  "id": "0e9efabb-9b01-428c-8cf8-e4fe98c4ec07",
  "title": "MBC Every1 ?댄뻾 ?댁뒋",
  "content": "<p>?뚯씤留μ뒪?? ?욎꽌 500???붿빟蹂대떎 ?⑥뵮 ??源딆씠 ?덈뒗 <strong>MBC ?먮툕由ъ썝(MBC every1) 梨꾨꼸 ?ъ링 遺꾩꽍</strong>??以鍮꾪뻽?듬땲??</p><p>諛⑹넚 ?ㅻТ??愿?먯뿉??<strong>?몄꽦 ?꾨왂, ?щ윭 肄섑뀗痢? 洹몃━怨??꾩옱 吏곷㈃???쒖옣 ?곹솴</strong>??以묒떖?쇰줈 遺꾩꽍?덉뒿?덈떎.</p><p><br></p><h3>?벟 MBC ?먮툕由ъ썝(MBC every1) ?ъ링 遺꾩꽍 蹂닿퀬??/h3><p><br></p><p><br></p><h4>1. 梨꾨꼸 ?뺤껜??(Identity): \"吏?곹뙆? 耳?대툝???섏씠釉뚮━??"</h4><p><br></p><p>MBC ?먮툕由ъ썝? MBC?뚮윭??MPP)媛 蹂댁쑀??5媛?梨꾨꼸 以?<strong>媛???以묒쟻???뚮옒洹몄떗 梨꾨꼸</strong>?낅땲??</p><ol><li data-list=\"bullet\"><span class=\"ql-ui\" contenteditable=\"false\"></span><strong>?ъ??붾떇:</strong> 吏?곹뙆 MBC???쒖옉 ??웾??湲곕컲?쇰줈 ?섎릺, ?ъ쓽???뚯옱 硫댁뿉??耳?대툝 ?뱀쑀??<strong>?몃젋?뷀븿怨??먯쑀濡쒖?</strong>??媛誘명뻽?듬땲??</li><li data-list=\"bullet\"><span class=\"ql-ui\" contenteditable=\"false\"></span><strong>?寃?</strong> ?듭떖? <strong>2049 ?몃?</strong>?대굹, 媛議??덈뒫(?댁꽌? ?????깃났?쇰줈 ???곕졊?瑜??꾩슦瑜대뒗 '蹂댄렪???덈뒫 梨꾨꼸'???깃꺽??媛뺥빀?덈떎.</li></ol><p><br></p><h4>2. ?듭떖 肄섑뀗痢??꾨왂 (Killer IP Evolution)</h4><p><br></p><p>??梨꾨꼸????궗??'?щ윭 肄섑뀗痢???蹂泥쒖궗濡??ㅻ챸?⑸땲?? ?⑥닚??吏?곹뙆 ?щ갑??梨꾨꼸(PP)?먯꽌 踰쀬뼱??<strong>?먯껜 ?쒖옉 紐낃?</strong>濡?嫄곕벊??怨쇱젙???듭떖?낅땲??</p><ol><li data-list=\"bullet\"><span class=\"ql-ui\" contenteditable=\"false\"></span><strong>1?몃? (?꾩씠??&amp; B湲?媛먯꽦):</strong> &lt;二쇨컙 ?꾩씠??gt;</li><li data-list=\"bullet\" class=\"ql-indent-1\"><span class=\"ql-ui\" contenteditable=\"false\"></span>?꾩씠???щ뜡??TV ?욎쑝濡??뚯뼱?ㅼ씠硫?梨꾨꼸??'?딆?' ?대?吏瑜?援ъ텞?덉뒿?덈떎. ??덉궛?쇰줈 怨좏슚?⑥쓣 ????쒖쟻 ?щ??낅땲??</li><li data-list=\"bullet\"><span class=\"ql-ui\" contenteditable=\"false\"></span><strong>2?몃? (愿李??덈뒫 &amp; 援?퐬):</strong> &lt;?댁꽌?~ ?쒓뎅? 泥섏쓬?댁??&gt;</li><li data-list=\"bullet\" class=\"ql-indent-1\"><span class=\"ql-ui\" contenteditable=\"false\"></span>?멸뎅?몄쓽 ?쒖꽑?쇰줈 ?쒓뎅??蹂대뒗 ?щ㎎???뺤갑?쒗궎硫?梨꾨꼸 媛쒓뎅 ?대옒 理쒓퀬 ?쒖껌瑜좎쓣 湲곕줉?덉뒿?덈떎. ?대뒗 MBC ?먮툕由ъ썝??'硫붿씠? PP' 諛섏뿴???щ┛ ?쇰벑怨듭떊?낅땲??</li><li data-list=\"bullet\"><span class=\"ql-ui\" contenteditable=\"false\"></span><strong>3?몃? (?섏씠??由ъ뼹由ъ쬁 ?곗븷):</strong> &lt;?섎뒗 SOLO&gt; (SBS Plus 怨듬룞?쒖옉)</li><li data-list=\"bullet\" class=\"ql-indent-1\"><span class=\"ql-ui\" contenteditable=\"false\"></span>?꾩옱 梨꾨꼸??<strong>媛??媛뺣젰??罹먯떆移댁슦</strong>?낅땲?? ?덉걯寃??ъ옣???곗븷媛 ?꾨땶, ?좉쾬??媛먯젙??蹂댁뿬二쇰ŉ ?붿젣?깆쓣 ?낆떇?섍퀬 ?덉뒿?덈떎.</li></ol><p><br></p><h4>3. 寃쎌웳 援щ룄 諛??쒖옣 ?꾪삊 (Market Landscape)</h4><p><br></p><p>怨쇨굅 tvN ?ㅼ쓬媛??'?섎쾭2 PP' ?대?吏媛 媛뺥뻽?쇰굹, 理쒓렐 ?쒖옣 ?먮룄媛 ?붾뱾由ш퀬 ?덉뒿?덈떎.</p><ol><li data-list=\"bullet\"><span class=\"ql-ui\" contenteditable=\"false\"></span><strong>vs ENA (理쒕? 寃쎌웳??:</strong> KT 洹몃９???먮낯?μ쓣 ?낆? ENA媛 &lt;?댁긽??蹂?몄궗 ?곗쁺??gt;? &lt;?섎뒗 ?붾줈&gt;(怨듬룞諛⑹쁺) ?깆쑝濡?湲됰??곹뻽?듬땲?? 梨꾨꼸 踰덊샇? 釉뚮옖???몄???硫댁뿉??移섏뿴???쒖쐞 ?ㅽ댘 以묒엯?덈떎.</li><li data-list=\"bullet\"><span class=\"ql-ui\" contenteditable=\"false\"></span><strong>vs OTT:</strong> ?룻뵆由?뒪, ?곕튃 ??OTT ?ㅻ━吏???덈뒫???잛븘吏硫댁꽌 'TV 梨꾨꼸 蹂몃갑 ?ъ닔'??留ㅻ젰???⑥뼱吏怨??덉뒿?덈떎. ?댁뿉 MBC ?먮툕由ъ썝? ?룻뵆由?뒪 ?깆뿉 肄섑뀗痢좊? ?먮ℓ?섎ŉ ?섏씡 援ъ“瑜??ㅻ??뷀븯怨??덉뒿?덈떎.</li></ol><p><br></p><h4>4. SWOT 遺꾩꽍</h4><p><br></p><table><tbody><tr><td data-row=\"1\"><strong>媛뺤젏 (Strength)</strong></td><td data-row=\"1\"><strong>?쎌젏 (Weakness)</strong></td></tr><tr><td data-row=\"2\">- &lt;?댁꽌?&gt;, &lt;?섏넄&gt; ???뺤떎??<strong>?μ닔 IP 蹂댁쑀</strong></td><td data-row=\"2\"><br></td><td data-row=\"2\">- MBC 蹂몄궗 ?쇱씠釉뚮윭由??쒖슜 媛??/td><td data-row=\"2\"><br></td><td data-row=\"2\">- ?믪? 梨꾨꼸 ?몄???/td><td data-row=\"2\">- ?뱀젙 ?щ윭 肄섑뀗痢좎뿉 ???<strong>?믪? ?섏〈??/strong></td><td data-row=\"2\"><br></td><td data-row=\"2\">- ?쒕씪留???????λⅤ臾??쒖옉 ??웾? tvN/ENA ?鍮??쎌꽭</td></tr><tr><td data-row=\"1\"><strong>湲고쉶 (Opportunity)</strong></td><td data-row=\"1\"><strong>?꾪삊 (Threat)</strong></td></tr><tr><td data-row=\"2\">- ?ㅽ??ㅽ봽(Spin-off) ?꾨줈洹몃옩 ?뺤옣 ?⑹씠</td><td data-row=\"2\"><br></td><td data-row=\"2\">- ?댁쇅 ?щ㎎ ?섏텧 利앷? (K-?덈뒫 遺?</td><td data-row=\"2\">- ENA ???좎깮 梨꾨꼸??怨듦꺽???ъ옄</td><td data-row=\"2\"><br></td><td data-row=\"2\">- ?좏뒠釉??덈뒫?쇰줈???쒖껌痢??댄깉 媛?랁솕</td></tr></tbody></table><p><br></p><h4>5. ?뚯씤留μ뒪???몄궗?댄듃 (Strategic Insight)</h4><p><br></p><p>MBC ?먮툕由ъ썝? ?꾩옱 **\"?ъ뒪??&lt;?섎뒗 ?붾줈&gt;??臾댁뾿?멸??\"**?쇰뒗 吏덈Ц???듯빐???섎뒗 ?쒖젏?낅땲??</p><p>&lt;?섎뒗 ?붾줈&gt;???붿젣?깆씠 媛뺣젰?섏?留? 怨듬룞 ?쒖옉(SBS Plus)??留뚰겮 ?⑥쟾???낆젏 IP?쇨퀬 蹂닿린???대졄?듬땲?? ?곕씪??梨꾨꼸???됯퉼???⑥쟾???댁븘?????덈뒗 ?덈줈???낆옄?곸씤 ?ㅻ━吏??IP 諛쒓뎬???쒓툒?⑸땲?? 理쒓렐 ?ы뻾 ?덈뒫 ?깆쑝濡??뺤옣???쒕룄?섎뒗 寃껊룄 ?대윭??留λ씫?쇰줈 ?댁꽍?⑸땲??</p><p>[?ㅼ쓬 ?④퀎 ?쒖븞]</p><p>??遺꾩꽍湲? ??1,000???뺣룄 ?섎뒗 遺꾨웾?낅땲??</p><p>諛⑷툑 留뚮뱶??AI ?붿빟 API???깅뒫???뚯뒪?명븯湲곗뿉 ?꾩＜ 醫뗭? ?섑뵆?낅땲??</p><p>???댁슜??API???ｌ뼱??**\"?듭떖 3以??붿빟\"**?????섏삤?붿? ?뚯뒪?명빐蹂댁떆寃좎뒿?덇퉴?</p>",
  "summary": null,
  "category_id": "8d0abb75-ab4f-4b05-bd71-53c0ab668996",
  "worklog_id": "d5cf737c-913b-453d-a62d-66552e842e6a",
  "parent_id": null,
  "author_user_id": null,
  "author_group_id": null,
  "author_name": null,
  "is_pinned": false,
  "priority": "?쇰컲",
  "view_count": 0,
  "like_count": 0,
  "created_at": "2025-11-28T12:25:42.420317+00:00",
  "updated_at": "2025-11-28T12:25:42.420317+00:00",
  "created_by": null,
  "status": "open",
  "resolution_note": null,
  "channel": "MBC Every1",
  "tags": [
    "MBC Every1"
  ],
  "attachments": [],
  "author_id": null,
  "author": null,
  "category": {
    "name": "梨꾨꼸 ?댄뻾",
    "slug": "channel-operation"
  },
  "worklog": {
    "group": {
      "name": "1議?
    },
    "work_date": "2025-11-28",
    "shift_type": "N"
  }
}
